<?xml version="1.0" encoding="UTF-8"?>
<coverage generated="1764288171312" clover="3.2.0">
  <project timestamp="1764288171312" name="All files">
    <metrics statements="207" coveredstatements="99" conditionals="40" coveredconditionals="17" methods="33" coveredmethods="12" elements="280" coveredelements="128" complexity="0" loc="207" ncloc="207" packages="1" files="1" classes="1"/>
    <file name="server.js" path="/Users/jeremiahdunphy/.gemini/antigravity/scratch/done-app/backend/server.js">
      <metrics statements="207" coveredstatements="99" conditionals="40" coveredconditionals="17" methods="33" coveredmethods="12"/>
      <line num="1" count="1" type="stmt"/>
      <line num="2" count="1" type="stmt"/>
      <line num="3" count="1" type="stmt"/>
      <line num="4" count="1" type="stmt"/>
      <line num="5" count="1" type="stmt"/>
      <line num="6" count="1" type="stmt"/>
      <line num="7" count="1" type="stmt"/>
      <line num="8" count="1" type="stmt"/>
      <line num="10" count="1" type="stmt"/>
      <line num="11" count="1" type="stmt"/>
      <line num="12" count="1" type="stmt"/>
      <line num="20" count="1" type="cond" truecount="1" falsecount="1"/>
      <line num="23" count="1" type="stmt"/>
      <line num="26" count="1" type="stmt"/>
      <line num="28" count="0" type="stmt"/>
      <line num="31" count="0" type="stmt"/>
      <line num="32" count="0" type="stmt"/>
      <line num="36" count="1" type="stmt"/>
      <line num="40" count="0" type="stmt"/>
      <line num="41" count="0" type="stmt"/>
      <line num="42" count="0" type="stmt"/>
      <line num="43" count="0" type="cond" truecount="0" falsecount="4"/>
      <line num="44" count="0" type="stmt"/>
      <line num="46" count="0" type="stmt"/>
      <line num="50" count="1" type="stmt"/>
      <line num="51" count="1" type="stmt"/>
      <line num="52" count="1" type="stmt"/>
      <line num="56" count="1" type="stmt"/>
      <line num="57" count="2" type="stmt"/>
      <line num="58" count="2" type="stmt"/>
      <line num="59" count="2" type="stmt"/>
      <line num="71" count="2" type="stmt"/>
      <line num="73" count="0" type="stmt"/>
      <line num="77" count="1" type="stmt"/>
      <line num="78" count="1" type="stmt"/>
      <line num="79" count="1" type="stmt"/>
      <line num="80" count="1" type="stmt"/>
      <line num="81" count="1" type="cond" truecount="2" falsecount="2"/>
      <line num="82" count="0" type="stmt"/>
      <line num="84" count="1" type="stmt"/>
      <line num="87" count="0" type="stmt"/>
      <line num="91" count="1" type="stmt"/>
      <line num="92" count="0" type="stmt"/>
      <line num="93" count="0" type="stmt"/>
      <line num="94" count="0" type="stmt"/>
      <line num="95" count="0" type="stmt"/>
      <line num="104" count="0" type="stmt"/>
      <line num="106" count="0" type="stmt"/>
      <line num="107" count="0" type="stmt"/>
      <line num="113" count="1" type="stmt"/>
      <line num="114" count="0" type="stmt"/>
      <line num="115" count="0" type="cond" truecount="0" falsecount="2"/>
      <line num="116" count="0" type="stmt"/>
      <line num="118" count="0" type="stmt"/>
      <line num="119" count="0" type="stmt"/>
      <line num="121" count="0" type="stmt"/>
      <line num="122" count="0" type="stmt"/>
      <line num="128" count="1" type="stmt"/>
      <line num="129" count="1" type="stmt"/>
      <line num="130" count="1" type="cond" truecount="1" falsecount="1"/>
      <line num="131" count="1" type="stmt"/>
      <line num="133" count="1" type="stmt"/>
      <line num="148" count="1" type="stmt"/>
      <line num="150" count="0" type="stmt"/>
      <line num="151" count="0" type="stmt"/>
      <line num="155" count="1" type="stmt"/>
      <line num="156" count="1" type="stmt"/>
      <line num="157" count="1" type="stmt"/>
      <line num="161" count="1" type="stmt"/>
      <line num="163" count="0" type="stmt"/>
      <line num="167" count="1" type="stmt"/>
      <line num="168" count="1" type="stmt"/>
      <line num="169" count="1" type="stmt"/>
      <line num="170" count="1" type="stmt"/>
      <line num="174" count="1" type="stmt"/>
      <line num="176" count="0" type="stmt"/>
      <line num="180" count="1" type="stmt"/>
      <line num="181" count="0" type="stmt"/>
      <line num="182" count="0" type="stmt"/>
      <line num="183" count="0" type="stmt"/>
      <line num="184" count="0" type="stmt"/>
      <line num="191" count="0" type="stmt"/>
      <line num="193" count="0" type="stmt"/>
      <line num="197" count="1" type="stmt"/>
      <line num="198" count="1" type="stmt"/>
      <line num="199" count="1" type="stmt"/>
      <line num="200" count="1" type="stmt"/>
      <line num="201" count="1" type="stmt"/>
      <line num="205" count="1" type="stmt"/>
      <line num="207" count="0" type="stmt"/>
      <line num="213" count="1" type="stmt"/>
      <line num="214" count="1" type="stmt"/>
      <line num="215" count="1" type="stmt"/>
      <line num="216" count="1" type="stmt"/>
      <line num="225" count="1" type="stmt"/>
      <line num="227" count="0" type="stmt"/>
      <line num="228" count="0" type="stmt"/>
      <line num="232" count="1" type="stmt"/>
      <line num="233" count="1" type="stmt"/>
      <line num="234" count="1" type="stmt"/>
      <line num="235" count="1" type="stmt"/>
      <line num="240" count="1" type="stmt"/>
      <line num="242" count="0" type="stmt"/>
      <line num="248" count="1" type="stmt"/>
      <line num="249" count="2" type="stmt"/>
      <line num="250" count="2" type="stmt"/>
      <line num="251" count="2" type="stmt"/>
      <line num="255" count="2" type="cond" truecount="2" falsecount="0"/>
      <line num="256" count="1" type="stmt"/>
      <line num="257" count="1" type="stmt"/>
      <line num="259" count="1" type="stmt"/>
      <line num="262" count="1" type="stmt"/>
      <line num="265" count="0" type="stmt"/>
      <line num="266" count="0" type="stmt"/>
      <line num="270" count="1" type="stmt"/>
      <line num="271" count="0" type="stmt"/>
      <line num="272" count="0" type="stmt"/>
      <line num="273" count="0" type="stmt"/>
      <line num="277" count="0" type="stmt"/>
      <line num="279" count="0" type="stmt"/>
      <line num="285" count="1" type="stmt"/>
      <line num="286" count="1" type="stmt"/>
      <line num="287" count="1" type="stmt"/>
      <line num="288" count="1" type="stmt"/>
      <line num="292" count="1" type="stmt"/>
      <line num="294" count="0" type="stmt"/>
      <line num="298" count="1" type="stmt"/>
      <line num="299" count="0" type="stmt"/>
      <line num="300" count="0" type="stmt"/>
      <line num="301" count="0" type="stmt"/>
      <line num="305" count="0" type="stmt"/>
      <line num="307" count="0" type="stmt"/>
      <line num="313" count="0" type="stmt"/>
      <line num="314" count="0" type="stmt"/>
      <line num="324" count="0" type="stmt"/>
      <line num="326" count="0" type="stmt"/>
      <line num="332" count="1" type="stmt"/>
      <line num="333" count="1" type="stmt"/>
      <line num="334" count="1" type="stmt"/>
      <line num="335" count="1" type="stmt"/>
      <line num="336" count="1" type="stmt"/>
      <line num="342" count="1" type="stmt"/>
      <line num="344" count="0" type="stmt"/>
      <line num="348" count="1" type="stmt"/>
      <line num="349" count="0" type="stmt"/>
      <line num="350" count="0" type="stmt"/>
      <line num="352" count="0" type="stmt"/>
      <line num="359" count="0" type="stmt"/>
      <line num="364" count="0" type="stmt"/>
      <line num="366" count="0" type="stmt"/>
      <line num="370" count="1" type="stmt"/>
      <line num="371" count="1" type="stmt"/>
      <line num="372" count="1" type="stmt"/>
      <line num="373" count="1" type="stmt"/>
      <line num="374" count="1" type="stmt"/>
      <line num="379" count="1" type="stmt"/>
      <line num="383" count="0" type="stmt"/>
      <line num="387" count="1" type="stmt"/>
      <line num="388" count="0" type="stmt"/>
      <line num="389" count="0" type="stmt"/>
      <line num="391" count="0" type="stmt"/>
      <line num="392" count="0" type="stmt"/>
      <line num="394" count="0" type="cond" truecount="0" falsecount="2"/>
      <line num="397" count="0" type="stmt"/>
      <line num="398" count="0" type="stmt"/>
      <line num="399" count="0" type="stmt"/>
      <line num="402" count="0" type="stmt"/>
      <line num="414" count="0" type="stmt"/>
      <line num="419" count="0" type="stmt"/>
      <line num="422" count="0" type="stmt"/>
      <line num="423" count="0" type="stmt"/>
      <line num="430" count="1" type="stmt"/>
      <line num="431" count="0" type="stmt"/>
      <line num="433" count="0" type="stmt"/>
      <line num="434" count="0" type="stmt"/>
      <line num="437" count="0" type="stmt"/>
      <line num="438" count="0" type="stmt"/>
      <line num="439" count="0" type="stmt"/>
      <line num="446" count="0" type="stmt"/>
      <line num="447" count="0" type="stmt"/>
      <line num="449" count="0" type="stmt"/>
      <line num="453" count="0" type="stmt"/>
      <line num="454" count="0" type="stmt"/>
      <line num="460" count="1" type="stmt"/>
      <line num="461" count="0" type="stmt"/>
      <line num="462" count="0" type="stmt"/>
      <line num="463" count="0" type="stmt"/>
      <line num="465" count="0" type="stmt"/>
      <line num="474" count="0" type="stmt"/>
      <line num="475" count="0" type="stmt"/>
      <line num="476" count="0" type="cond" truecount="0" falsecount="2"/>
      <line num="477" count="0" type="cond" truecount="0" falsecount="2"/>
      <line num="478" count="0" type="stmt"/>
      <line num="486" count="0" type="stmt"/>
      <line num="488" count="0" type="stmt"/>
      <line num="489" count="0" type="stmt"/>
      <line num="493" count="1" type="stmt"/>
      <line num="494" count="0" type="stmt"/>
      <line num="495" count="0" type="stmt"/>
      <line num="496" count="0" type="stmt"/>
      <line num="505" count="0" type="stmt"/>
      <line num="507" count="0" type="stmt"/>
      <line num="511" count="1" type="cond" truecount="1" falsecount="1"/>
      <line num="513" count="1" type="cond" truecount="1" falsecount="1"/>
      <line num="514" count="0" type="stmt"/>
      <line num="515" count="0" type="stmt"/>
      <line num="519" count="1" type="stmt"/>
    </file>
  </project>
</coverage>
