{"/Users/jeremiahdunphy/.gemini/antigravity/scratch/done-app/backend/server.js": {"path":"/Users/jeremiahdunphy/.gemini/antigravity/scratch/done-app/backend/server.js","statementMap":{"0":{"start":{"line":1,"column":16},"end":{"line":1,"column":34}},"1":{"start":{"line":2,"column":13},"end":{"line":2,"column":28}},"2":{"start":{"line":3,"column":19},"end":{"line":3,"column":39}},"3":{"start":{"line":4,"column":13},"end":{"line":4,"column":28}},"4":{"start":{"line":5,"column":25},"end":{"line":5,"column":50}},"5":{"start":{"line":6,"column":15},"end":{"line":6,"column":32}},"6":{"start":{"line":7,"column":13},"end":{"line":7,"column":28}},"7":{"start":{"line":8,"column":0},"end":{"line":8,"column":27}},"8":{"start":{"line":10,"column":12},"end":{"line":10,"column":21}},"9":{"start":{"line":11,"column":15},"end":{"line":11,"column":37}},"10":{"start":{"line":12,"column":11},"end":{"line":17,"column":2}},"11":{"start":{"line":20,"column":15},"end":{"line":20,"column":101}},"12":{"start":{"line":23,"column":15},"end":{"line":23,"column":33}},"13":{"start":{"line":26,"column":16},"end":{"line":34,"column":2}},"14":{"start":{"line":28,"column":8},"end":{"line":28,"column":29}},"15":{"start":{"line":31,"column":29},"end":{"line":31,"column":79}},"16":{"start":{"line":32,"column":8},"end":{"line":32,"column":65}},"17":{"start":{"line":36,"column":15},"end":{"line":48,"column":2}},"18":{"start":{"line":40,"column":26},"end":{"line":40,"column":49}},"19":{"start":{"line":41,"column":25},"end":{"line":41,"column":54}},"20":{"start":{"line":42,"column":24},"end":{"line":42,"column":85}},"21":{"start":{"line":43,"column":8},"end":{"line":45,"column":9}},"22":{"start":{"line":44,"column":12},"end":{"line":44,"column":34}},"23":{"start":{"line":46,"column":8},"end":{"line":46,"column":55}},"24":{"start":{"line":50,"column":0},"end":{"line":50,"column":16}},"25":{"start":{"line":51,"column":0},"end":{"line":51,"column":24}},"26":{"start":{"line":52,"column":0},"end":{"line":52,"column":47}},"27":{"start":{"line":56,"column":0},"end":{"line":75,"column":3}},"28":{"start":{"line":57,"column":44},"end":{"line":57,"column":52}},"29":{"start":{"line":58,"column":4},"end":{"line":74,"column":5}},"30":{"start":{"line":59,"column":21},"end":{"line":70,"column":10}},"31":{"start":{"line":71,"column":8},"end":{"line":71,"column":23}},"32":{"start":{"line":73,"column":8},"end":{"line":73,"column":79}},"33":{"start":{"line":77,"column":0},"end":{"line":89,"column":3}},"34":{"start":{"line":78,"column":32},"end":{"line":78,"column":40}},"35":{"start":{"line":79,"column":4},"end":{"line":88,"column":5}},"36":{"start":{"line":80,"column":21},"end":{"line":80,"column":71}},"37":{"start":{"line":81,"column":8},"end":{"line":85,"column":9}},"38":{"start":{"line":82,"column":12},"end":{"line":82,"column":27}},"39":{"start":{"line":84,"column":12},"end":{"line":84,"column":67}},"40":{"start":{"line":87,"column":8},"end":{"line":87,"column":56}},"41":{"start":{"line":91,"column":0},"end":{"line":109,"column":3}},"42":{"start":{"line":92,"column":19},"end":{"line":92,"column":29}},"43":{"start":{"line":93,"column":54},"end":{"line":93,"column":62}},"44":{"start":{"line":94,"column":4},"end":{"line":108,"column":5}},"45":{"start":{"line":95,"column":21},"end":{"line":103,"column":10}},"46":{"start":{"line":104,"column":8},"end":{"line":104,"column":23}},"47":{"start":{"line":106,"column":8},"end":{"line":106,"column":25}},"48":{"start":{"line":107,"column":8},"end":{"line":107,"column":68}},"49":{"start":{"line":113,"column":0},"end":{"line":124,"column":3}},"50":{"start":{"line":114,"column":4},"end":{"line":123,"column":5}},"51":{"start":{"line":115,"column":8},"end":{"line":117,"column":9}},"52":{"start":{"line":116,"column":12},"end":{"line":116,"column":71}},"53":{"start":{"line":118,"column":25},"end":{"line":118,"column":56}},"54":{"start":{"line":119,"column":8},"end":{"line":119,"column":31}},"55":{"start":{"line":121,"column":8},"end":{"line":121,"column":25}},"56":{"start":{"line":122,"column":8},"end":{"line":122,"column":62}},"57":{"start":{"line":128,"column":0},"end":{"line":153,"column":3}},"58":{"start":{"line":129,"column":113},"end":{"line":129,"column":121}},"59":{"start":{"line":130,"column":22},"end":{"line":130,"column":79}},"60":{"start":{"line":130,"column":53},"end":{"line":130,"column":63}},"61":{"start":{"line":131,"column":4},"end":{"line":152,"column":5}},"62":{"start":{"line":133,"column":20},"end":{"line":147,"column":10}},"63":{"start":{"line":148,"column":8},"end":{"line":148,"column":22}},"64":{"start":{"line":150,"column":8},"end":{"line":150,"column":25}},"65":{"start":{"line":151,"column":8},"end":{"line":151,"column":84}},"66":{"start":{"line":155,"column":0},"end":{"line":165,"column":3}},"67":{"start":{"line":156,"column":4},"end":{"line":164,"column":5}},"68":{"start":{"line":157,"column":21},"end":{"line":160,"column":10}},"69":{"start":{"line":161,"column":8},"end":{"line":161,"column":23}},"70":{"start":{"line":163,"column":8},"end":{"line":163,"column":64}},"71":{"start":{"line":167,"column":0},"end":{"line":178,"column":3}},"72":{"start":{"line":168,"column":19},"end":{"line":168,"column":29}},"73":{"start":{"line":169,"column":4},"end":{"line":177,"column":5}},"74":{"start":{"line":170,"column":20},"end":{"line":173,"column":10}},"75":{"start":{"line":174,"column":8},"end":{"line":174,"column":22}},"76":{"start":{"line":176,"column":8},"end":{"line":176,"column":63}},"77":{"start":{"line":180,"column":0},"end":{"line":195,"column":3}},"78":{"start":{"line":181,"column":19},"end":{"line":181,"column":29}},"79":{"start":{"line":182,"column":27},"end":{"line":182,"column":35}},"80":{"start":{"line":183,"column":4},"end":{"line":194,"column":5}},"81":{"start":{"line":184,"column":20},"end":{"line":190,"column":10}},"82":{"start":{"line":191,"column":8},"end":{"line":191,"column":22}},"83":{"start":{"line":193,"column":8},"end":{"line":193,"column":69}},"84":{"start":{"line":197,"column":0},"end":{"line":209,"column":3}},"85":{"start":{"line":198,"column":19},"end":{"line":198,"column":29}},"86":{"start":{"line":199,"column":23},"end":{"line":199,"column":31}},"87":{"start":{"line":200,"column":4},"end":{"line":208,"column":5}},"88":{"start":{"line":201,"column":20},"end":{"line":204,"column":10}},"89":{"start":{"line":205,"column":8},"end":{"line":205,"column":22}},"90":{"start":{"line":207,"column":8},"end":{"line":207,"column":67}},"91":{"start":{"line":213,"column":0},"end":{"line":230,"column":3}},"92":{"start":{"line":214,"column":63},"end":{"line":214,"column":71}},"93":{"start":{"line":215,"column":4},"end":{"line":229,"column":5}},"94":{"start":{"line":216,"column":23},"end":{"line":224,"column":10}},"95":{"start":{"line":225,"column":8},"end":{"line":225,"column":25}},"96":{"start":{"line":227,"column":8},"end":{"line":227,"column":25}},"97":{"start":{"line":228,"column":8},"end":{"line":228,"column":67}},"98":{"start":{"line":232,"column":0},"end":{"line":244,"column":3}},"99":{"start":{"line":233,"column":19},"end":{"line":233,"column":29}},"100":{"start":{"line":234,"column":4},"end":{"line":243,"column":5}},"101":{"start":{"line":235,"column":24},"end":{"line":239,"column":10}},"102":{"start":{"line":240,"column":8},"end":{"line":240,"column":26}},"103":{"start":{"line":242,"column":8},"end":{"line":242,"column":67}},"104":{"start":{"line":248,"column":0},"end":{"line":268,"column":3}},"105":{"start":{"line":249,"column":30},"end":{"line":249,"column":38}},"106":{"start":{"line":250,"column":4},"end":{"line":267,"column":5}},"107":{"start":{"line":251,"column":25},"end":{"line":253,"column":10}},"108":{"start":{"line":255,"column":8},"end":{"line":263,"column":9}},"109":{"start":{"line":256,"column":12},"end":{"line":256,"column":73}},"110":{"start":{"line":257,"column":12},"end":{"line":257,"column":39}},"111":{"start":{"line":259,"column":12},"end":{"line":261,"column":15}},"112":{"start":{"line":262,"column":12},"end":{"line":262,"column":38}},"113":{"start":{"line":265,"column":8},"end":{"line":265,"column":25}},"114":{"start":{"line":266,"column":8},"end":{"line":266,"column":70}},"115":{"start":{"line":270,"column":0},"end":{"line":281,"column":3}},"116":{"start":{"line":271,"column":23},"end":{"line":271,"column":33}},"117":{"start":{"line":272,"column":4},"end":{"line":280,"column":5}},"118":{"start":{"line":273,"column":26},"end":{"line":276,"column":10}},"119":{"start":{"line":277,"column":8},"end":{"line":277,"column":46}},"120":{"start":{"line":277,"column":36},"end":{"line":277,"column":43}},"121":{"start":{"line":279,"column":8},"end":{"line":279,"column":70}},"122":{"start":{"line":285,"column":0},"end":{"line":296,"column":3}},"123":{"start":{"line":286,"column":23},"end":{"line":286,"column":33}},"124":{"start":{"line":287,"column":4},"end":{"line":295,"column":5}},"125":{"start":{"line":288,"column":30},"end":{"line":291,"column":10}},"126":{"start":{"line":292,"column":8},"end":{"line":292,"column":32}},"127":{"start":{"line":294,"column":8},"end":{"line":294,"column":73}},"128":{"start":{"line":298,"column":0},"end":{"line":309,"column":3}},"129":{"start":{"line":299,"column":19},"end":{"line":299,"column":29}},"130":{"start":{"line":300,"column":4},"end":{"line":308,"column":5}},"131":{"start":{"line":301,"column":8},"end":{"line":304,"column":11}},"132":{"start":{"line":305,"column":8},"end":{"line":305,"column":36}},"133":{"start":{"line":307,"column":8},"end":{"line":307,"column":66}},"134":{"start":{"line":313,"column":4},"end":{"line":327,"column":5}},"135":{"start":{"line":314,"column":8},"end":{"line":322,"column":11}},"136":{"start":{"line":324,"column":8},"end":{"line":324,"column":73}},"137":{"start":{"line":326,"column":8},"end":{"line":326,"column":58}},"138":{"start":{"line":332,"column":0},"end":{"line":346,"column":3}},"139":{"start":{"line":333,"column":19},"end":{"line":333,"column":29}},"140":{"start":{"line":334,"column":27},"end":{"line":334,"column":35}},"141":{"start":{"line":335,"column":4},"end":{"line":345,"column":5}},"142":{"start":{"line":336,"column":28},"end":{"line":341,"column":10}},"143":{"start":{"line":342,"column":8},"end":{"line":342,"column":30}},"144":{"start":{"line":344,"column":8},"end":{"line":344,"column":59}},"145":{"start":{"line":348,"column":0},"end":{"line":368,"column":3}},"146":{"start":{"line":349,"column":19},"end":{"line":349,"column":29}},"147":{"start":{"line":350,"column":4},"end":{"line":367,"column":5}},"148":{"start":{"line":352,"column":28},"end":{"line":356,"column":10}},"149":{"start":{"line":359,"column":8},"end":{"line":362,"column":11}},"150":{"start":{"line":364,"column":8},"end":{"line":364,"column":30}},"151":{"start":{"line":366,"column":8},"end":{"line":366,"column":72}},"152":{"start":{"line":370,"column":0},"end":{"line":385,"column":3}},"153":{"start":{"line":371,"column":4},"end":{"line":371,"column":43}},"154":{"start":{"line":372,"column":30},"end":{"line":372,"column":38}},"155":{"start":{"line":373,"column":4},"end":{"line":384,"column":5}},"156":{"start":{"line":374,"column":30},"end":{"line":378,"column":10}},"157":{"start":{"line":379,"column":8},"end":{"line":381,"column":11}},"158":{"start":{"line":383,"column":8},"end":{"line":383,"column":51}},"159":{"start":{"line":387,"column":0},"end":{"line":425,"column":3}},"160":{"start":{"line":388,"column":19},"end":{"line":388,"column":29}},"161":{"start":{"line":389,"column":27},"end":{"line":389,"column":35}},"162":{"start":{"line":391,"column":4},"end":{"line":424,"column":5}},"163":{"start":{"line":392,"column":20},"end":{"line":392,"column":80}},"164":{"start":{"line":394,"column":8},"end":{"line":394,"column":74}},"165":{"start":{"line":394,"column":18},"end":{"line":394,"column":74}},"166":{"start":{"line":397,"column":23},"end":{"line":397,"column":32}},"167":{"start":{"line":398,"column":28},"end":{"line":398,"column":41}},"168":{"start":{"line":399,"column":31},"end":{"line":399,"column":51}},"169":{"start":{"line":402,"column":28},"end":{"line":411,"column":10}},"170":{"start":{"line":414,"column":27},"end":{"line":417,"column":10}},"171":{"start":{"line":419,"column":8},"end":{"line":419,"column":51}},"172":{"start":{"line":422,"column":8},"end":{"line":422,"column":25}},"173":{"start":{"line":423,"column":8},"end":{"line":423,"column":66}},"174":{"start":{"line":430,"column":0},"end":{"line":456,"column":3}},"175":{"start":{"line":431,"column":4},"end":{"line":431,"column":48}},"176":{"start":{"line":433,"column":4},"end":{"line":435,"column":7}},"177":{"start":{"line":434,"column":8},"end":{"line":434,"column":28}},"178":{"start":{"line":437,"column":4},"end":{"line":451,"column":7}},"179":{"start":{"line":438,"column":8},"end":{"line":450,"column":9}},"180":{"start":{"line":439,"column":28},"end":{"line":445,"column":14}},"181":{"start":{"line":446,"column":12},"end":{"line":446,"column":68}},"182":{"start":{"line":447,"column":12},"end":{"line":447,"column":66}},"183":{"start":{"line":449,"column":12},"end":{"line":449,"column":55}},"184":{"start":{"line":453,"column":4},"end":{"line":455,"column":7}},"185":{"start":{"line":454,"column":8},"end":{"line":454,"column":53}},"186":{"start":{"line":460,"column":0},"end":{"line":491,"column":3}},"187":{"start":{"line":461,"column":23},"end":{"line":461,"column":33}},"188":{"start":{"line":462,"column":15},"end":{"line":462,"column":31}},"189":{"start":{"line":463,"column":4},"end":{"line":490,"column":5}},"190":{"start":{"line":465,"column":25},"end":{"line":471,"column":10}},"191":{"start":{"line":474,"column":25},"end":{"line":474,"column":34}},"192":{"start":{"line":475,"column":8},"end":{"line":484,"column":11}},"193":{"start":{"line":476,"column":30},"end":{"line":476,"column":77}},"194":{"start":{"line":477,"column":12},"end":{"line":483,"column":13}},"195":{"start":{"line":478,"column":16},"end":{"line":482,"column":19}},"196":{"start":{"line":486,"column":8},"end":{"line":486,"column":48}},"197":{"start":{"line":488,"column":8},"end":{"line":488,"column":25}},"198":{"start":{"line":489,"column":8},"end":{"line":489,"column":73}},"199":{"start":{"line":493,"column":0},"end":{"line":509,"column":3}},"200":{"start":{"line":494,"column":36},"end":{"line":494,"column":46}},"201":{"start":{"line":495,"column":4},"end":{"line":508,"column":5}},"202":{"start":{"line":496,"column":25},"end":{"line":504,"column":10}},"203":{"start":{"line":505,"column":8},"end":{"line":505,"column":27}},"204":{"start":{"line":507,"column":8},"end":{"line":507,"column":68}},"205":{"start":{"line":511,"column":13},"end":{"line":511,"column":37}},"206":{"start":{"line":513,"column":0},"end":{"line":517,"column":1}},"207":{"start":{"line":514,"column":4},"end":{"line":516,"column":7}},"208":{"start":{"line":515,"column":8},"end":{"line":515,"column":54}},"209":{"start":{"line":519,"column":0},"end":{"line":519,"column":21}}},"fnMap":{"0":{"name":"(anonymous_0)","decl":{"start":{"line":27,"column":17},"end":{"line":27,"column":18}},"loc":{"start":{"line":27,"column":36},"end":{"line":29,"column":5}},"line":27},"1":{"name":"(anonymous_1)","decl":{"start":{"line":30,"column":14},"end":{"line":30,"column":15}},"loc":{"start":{"line":30,"column":33},"end":{"line":33,"column":5}},"line":30},"2":{"name":"(anonymous_2)","decl":{"start":{"line":39,"column":16},"end":{"line":39,"column":17}},"loc":{"start":{"line":39,"column":35},"end":{"line":47,"column":5}},"line":39},"3":{"name":"(anonymous_3)","decl":{"start":{"line":56,"column":27},"end":{"line":56,"column":28}},"loc":{"start":{"line":56,"column":47},"end":{"line":75,"column":1}},"line":56},"4":{"name":"(anonymous_4)","decl":{"start":{"line":77,"column":24},"end":{"line":77,"column":25}},"loc":{"start":{"line":77,"column":44},"end":{"line":89,"column":1}},"line":77},"5":{"name":"(anonymous_5)","decl":{"start":{"line":91,"column":22},"end":{"line":91,"column":23}},"loc":{"start":{"line":91,"column":42},"end":{"line":109,"column":1}},"line":91},"6":{"name":"(anonymous_6)","decl":{"start":{"line":113,"column":44},"end":{"line":113,"column":45}},"loc":{"start":{"line":113,"column":58},"end":{"line":124,"column":1}},"line":113},"7":{"name":"(anonymous_7)","decl":{"start":{"line":128,"column":45},"end":{"line":128,"column":46}},"loc":{"start":{"line":128,"column":65},"end":{"line":153,"column":1}},"line":128},"8":{"name":"(anonymous_8)","decl":{"start":{"line":130,"column":48},"end":{"line":130,"column":49}},"loc":{"start":{"line":130,"column":53},"end":{"line":130,"column":63}},"line":130},"9":{"name":"(anonymous_9)","decl":{"start":{"line":155,"column":17},"end":{"line":155,"column":18}},"loc":{"start":{"line":155,"column":37},"end":{"line":165,"column":1}},"line":155},"10":{"name":"(anonymous_10)","decl":{"start":{"line":167,"column":21},"end":{"line":167,"column":22}},"loc":{"start":{"line":167,"column":41},"end":{"line":178,"column":1}},"line":167},"11":{"name":"(anonymous_11)","decl":{"start":{"line":180,"column":29},"end":{"line":180,"column":30}},"loc":{"start":{"line":180,"column":49},"end":{"line":195,"column":1}},"line":180},"12":{"name":"(anonymous_12)","decl":{"start":{"line":197,"column":30},"end":{"line":197,"column":31}},"loc":{"start":{"line":197,"column":50},"end":{"line":209,"column":1}},"line":197},"13":{"name":"(anonymous_13)","decl":{"start":{"line":213,"column":21},"end":{"line":213,"column":22}},"loc":{"start":{"line":213,"column":41},"end":{"line":230,"column":1}},"line":213},"14":{"name":"(anonymous_14)","decl":{"start":{"line":232,"column":30},"end":{"line":232,"column":31}},"loc":{"start":{"line":232,"column":50},"end":{"line":244,"column":1}},"line":232},"15":{"name":"(anonymous_15)","decl":{"start":{"line":248,"column":24},"end":{"line":248,"column":25}},"loc":{"start":{"line":248,"column":44},"end":{"line":268,"column":1}},"line":248},"16":{"name":"(anonymous_16)","decl":{"start":{"line":270,"column":31},"end":{"line":270,"column":32}},"loc":{"start":{"line":270,"column":51},"end":{"line":281,"column":1}},"line":270},"17":{"name":"(anonymous_17)","decl":{"start":{"line":277,"column":31},"end":{"line":277,"column":32}},"loc":{"start":{"line":277,"column":36},"end":{"line":277,"column":43}},"line":277},"18":{"name":"(anonymous_18)","decl":{"start":{"line":285,"column":34},"end":{"line":285,"column":35}},"loc":{"start":{"line":285,"column":54},"end":{"line":296,"column":1}},"line":285},"19":{"name":"(anonymous_19)","decl":{"start":{"line":298,"column":36},"end":{"line":298,"column":37}},"loc":{"start":{"line":298,"column":56},"end":{"line":309,"column":1}},"line":298},"20":{"name":"createNotification","decl":{"start":{"line":312,"column":15},"end":{"line":312,"column":33}},"loc":{"start":{"line":312,"column":68},"end":{"line":328,"column":1}},"line":312},"21":{"name":"(anonymous_21)","decl":{"start":{"line":332,"column":28},"end":{"line":332,"column":29}},"loc":{"start":{"line":332,"column":48},"end":{"line":346,"column":1}},"line":332},"22":{"name":"(anonymous_22)","decl":{"start":{"line":348,"column":37},"end":{"line":348,"column":38}},"loc":{"start":{"line":348,"column":57},"end":{"line":368,"column":1}},"line":348},"23":{"name":"(anonymous_23)","decl":{"start":{"line":370,"column":35},"end":{"line":370,"column":36}},"loc":{"start":{"line":370,"column":55},"end":{"line":385,"column":1}},"line":370},"24":{"name":"(anonymous_24)","decl":{"start":{"line":387,"column":31},"end":{"line":387,"column":32}},"loc":{"start":{"line":387,"column":51},"end":{"line":425,"column":1}},"line":387},"25":{"name":"(anonymous_25)","decl":{"start":{"line":430,"column":20},"end":{"line":430,"column":21}},"loc":{"start":{"line":430,"column":32},"end":{"line":456,"column":1}},"line":430},"26":{"name":"(anonymous_26)","decl":{"start":{"line":433,"column":27},"end":{"line":433,"column":28}},"loc":{"start":{"line":433,"column":39},"end":{"line":435,"column":5}},"line":433},"27":{"name":"(anonymous_27)","decl":{"start":{"line":437,"column":30},"end":{"line":437,"column":31}},"loc":{"start":{"line":437,"column":46},"end":{"line":451,"column":5}},"line":437},"28":{"name":"(anonymous_28)","decl":{"start":{"line":453,"column":28},"end":{"line":453,"column":29}},"loc":{"start":{"line":453,"column":34},"end":{"line":455,"column":5}},"line":453},"29":{"name":"(anonymous_29)","decl":{"start":{"line":460,"column":34},"end":{"line":460,"column":35}},"loc":{"start":{"line":460,"column":54},"end":{"line":491,"column":1}},"line":460},"30":{"name":"(anonymous_30)","decl":{"start":{"line":475,"column":25},"end":{"line":475,"column":26}},"loc":{"start":{"line":475,"column":32},"end":{"line":484,"column":9}},"line":475},"31":{"name":"(anonymous_31)","decl":{"start":{"line":493,"column":42},"end":{"line":493,"column":43}},"loc":{"start":{"line":493,"column":62},"end":{"line":509,"column":1}},"line":493},"32":{"name":"(anonymous_32)","decl":{"start":{"line":514,"column":24},"end":{"line":514,"column":25}},"loc":{"start":{"line":514,"column":30},"end":{"line":516,"column":5}},"line":514}},"branchMap":{"0":{"loc":{"start":{"line":20,"column":33},"end":{"line":20,"column":100}},"type":"binary-expr","locations":[{"start":{"line":20,"column":33},"end":{"line":20,"column":62}},{"start":{"line":20,"column":66},"end":{"line":20,"column":100}}],"line":20},"1":{"loc":{"start":{"line":43,"column":8},"end":{"line":45,"column":9}},"type":"if","locations":[{"start":{"line":43,"column":8},"end":{"line":45,"column":9}},{"start":{},"end":{}}],"line":43},"2":{"loc":{"start":{"line":43,"column":12},"end":{"line":43,"column":31}},"type":"binary-expr","locations":[{"start":{"line":43,"column":12},"end":{"line":43,"column":20}},{"start":{"line":43,"column":24},"end":{"line":43,"column":31}}],"line":43},"3":{"loc":{"start":{"line":64,"column":22},"end":{"line":64,"column":38}},"type":"binary-expr","locations":[{"start":{"line":64,"column":22},"end":{"line":64,"column":26}},{"start":{"line":64,"column":30},"end":{"line":64,"column":38}}],"line":64},"4":{"loc":{"start":{"line":65,"column":21},"end":{"line":65,"column":39}},"type":"binary-expr","locations":[{"start":{"line":65,"column":21},"end":{"line":65,"column":33}},{"start":{"line":65,"column":37},"end":{"line":65,"column":39}}],"line":65},"5":{"loc":{"start":{"line":66,"column":24},"end":{"line":66,"column":45}},"type":"binary-expr","locations":[{"start":{"line":66,"column":24},"end":{"line":66,"column":39}},{"start":{"line":66,"column":43},"end":{"line":66,"column":45}}],"line":66},"6":{"loc":{"start":{"line":67,"column":28},"end":{"line":67,"column":88}},"type":"cond-expr","locations":[{"start":{"line":67,"column":50},"end":{"line":67,"column":81}},{"start":{"line":67,"column":84},"end":{"line":67,"column":88}}],"line":67},"7":{"loc":{"start":{"line":68,"column":30},"end":{"line":68,"column":57}},"type":"binary-expr","locations":[{"start":{"line":68,"column":30},"end":{"line":68,"column":51}},{"start":{"line":68,"column":55},"end":{"line":68,"column":57}}],"line":68},"8":{"loc":{"start":{"line":81,"column":8},"end":{"line":85,"column":9}},"type":"if","locations":[{"start":{"line":81,"column":8},"end":{"line":85,"column":9}},{"start":{"line":83,"column":15},"end":{"line":85,"column":9}}],"line":81},"9":{"loc":{"start":{"line":81,"column":12},"end":{"line":81,"column":46}},"type":"binary-expr","locations":[{"start":{"line":81,"column":12},"end":{"line":81,"column":16}},{"start":{"line":81,"column":20},"end":{"line":81,"column":46}}],"line":81},"10":{"loc":{"start":{"line":100,"column":28},"end":{"line":100,"column":70}},"type":"cond-expr","locations":[{"start":{"line":100,"column":41},"end":{"line":100,"column":63}},{"start":{"line":100,"column":66},"end":{"line":100,"column":70}}],"line":100},"11":{"loc":{"start":{"line":115,"column":8},"end":{"line":117,"column":9}},"type":"if","locations":[{"start":{"line":115,"column":8},"end":{"line":117,"column":9}},{"start":{},"end":{}}],"line":115},"12":{"loc":{"start":{"line":130,"column":22},"end":{"line":130,"column":79}},"type":"cond-expr","locations":[{"start":{"line":130,"column":34},"end":{"line":130,"column":74}},{"start":{"line":130,"column":77},"end":{"line":130,"column":79}}],"line":130},"13":{"loc":{"start":{"line":145,"column":31},"end":{"line":145,"column":77}},"type":"cond-expr","locations":[{"start":{"line":145,"column":47},"end":{"line":145,"column":70}},{"start":{"line":145,"column":73},"end":{"line":145,"column":77}}],"line":145},"14":{"loc":{"start":{"line":255,"column":8},"end":{"line":263,"column":9}},"type":"if","locations":[{"start":{"line":255,"column":8},"end":{"line":263,"column":9}},{"start":{"line":258,"column":15},"end":{"line":263,"column":9}}],"line":255},"15":{"loc":{"start":{"line":394,"column":8},"end":{"line":394,"column":74}},"type":"if","locations":[{"start":{"line":394,"column":8},"end":{"line":394,"column":74}},{"start":{},"end":{}}],"line":394},"16":{"loc":{"start":{"line":476,"column":30},"end":{"line":476,"column":77}},"type":"cond-expr","locations":[{"start":{"line":476,"column":52},"end":{"line":476,"column":64}},{"start":{"line":476,"column":67},"end":{"line":476,"column":77}}],"line":476},"17":{"loc":{"start":{"line":477,"column":12},"end":{"line":483,"column":13}},"type":"if","locations":[{"start":{"line":477,"column":12},"end":{"line":483,"column":13}},{"start":{},"end":{}}],"line":477},"18":{"loc":{"start":{"line":511,"column":13},"end":{"line":511,"column":37}},"type":"binary-expr","locations":[{"start":{"line":511,"column":13},"end":{"line":511,"column":29}},{"start":{"line":511,"column":33},"end":{"line":511,"column":37}}],"line":511},"19":{"loc":{"start":{"line":513,"column":0},"end":{"line":517,"column":1}},"type":"if","locations":[{"start":{"line":513,"column":0},"end":{"line":517,"column":1}},{"start":{},"end":{}}],"line":513}},"s":{"0":1,"1":1,"2":1,"3":1,"4":1,"5":1,"6":1,"7":1,"8":1,"9":1,"10":1,"11":1,"12":1,"13":1,"14":0,"15":0,"16":0,"17":1,"18":0,"19":0,"20":0,"21":0,"22":0,"23":0,"24":1,"25":1,"26":1,"27":1,"28":2,"29":2,"30":2,"31":2,"32":0,"33":1,"34":1,"35":1,"36":1,"37":1,"38":0,"39":1,"40":0,"41":1,"42":0,"43":0,"44":0,"45":0,"46":0,"47":0,"48":0,"49":1,"50":0,"51":0,"52":0,"53":0,"54":0,"55":0,"56":0,"57":1,"58":1,"59":1,"60":0,"61":1,"62":1,"63":1,"64":0,"65":0,"66":1,"67":1,"68":1,"69":1,"70":0,"71":1,"72":1,"73":1,"74":1,"75":1,"76":0,"77":1,"78":0,"79":0,"80":0,"81":0,"82":0,"83":0,"84":1,"85":1,"86":1,"87":1,"88":1,"89":1,"90":0,"91":1,"92":1,"93":1,"94":1,"95":1,"96":0,"97":0,"98":1,"99":1,"100":1,"101":1,"102":1,"103":0,"104":1,"105":2,"106":2,"107":2,"108":2,"109":1,"110":1,"111":1,"112":1,"113":0,"114":0,"115":1,"116":0,"117":0,"118":0,"119":0,"120":0,"121":0,"122":1,"123":1,"124":1,"125":1,"126":1,"127":0,"128":1,"129":0,"130":0,"131":0,"132":0,"133":0,"134":0,"135":0,"136":0,"137":0,"138":1,"139":1,"140":1,"141":1,"142":1,"143":1,"144":0,"145":1,"146":0,"147":0,"148":0,"149":0,"150":0,"151":0,"152":1,"153":1,"154":1,"155":1,"156":1,"157":1,"158":0,"159":1,"160":0,"161":0,"162":0,"163":0,"164":0,"165":0,"166":0,"167":0,"168":0,"169":0,"170":0,"171":0,"172":0,"173":0,"174":1,"175":0,"176":0,"177":0,"178":0,"179":0,"180":0,"181":0,"182":0,"183":0,"184":0,"185":0,"186":1,"187":0,"188":0,"189":0,"190":0,"191":0,"192":0,"193":0,"194":0,"195":0,"196":0,"197":0,"198":0,"199":1,"200":0,"201":0,"202":0,"203":0,"204":0,"205":1,"206":1,"207":0,"208":0,"209":1},"f":{"0":0,"1":0,"2":0,"3":2,"4":1,"5":0,"6":0,"7":1,"8":0,"9":1,"10":1,"11":0,"12":1,"13":1,"14":1,"15":2,"16":0,"17":0,"18":1,"19":0,"20":0,"21":1,"22":0,"23":1,"24":0,"25":0,"26":0,"27":0,"28":0,"29":0,"30":0,"31":0,"32":0},"b":{"0":[1,0],"1":[0,0],"2":[0,0],"3":[2,0],"4":[2,2],"5":[2,2],"6":[0,2],"7":[2,2],"8":[0,1],"9":[1,0],"10":[0,0],"11":[0,0],"12":[1,0],"13":[0,1],"14":[1,1],"15":[0,0],"16":[0,0],"17":[0,0],"18":[1,0],"19":[0,1]},"_coverageSchema":"1a1c01bbd47fc00a2c39e90264f33305004495a9","hash":"34342acd7c4cb29a0f384af5f512d8f6e48bed8b"}
}
