TN:
SF:server.js
FN:27,(anonymous_0)
FN:30,(anonymous_1)
FN:39,(anonymous_2)
FN:56,(anonymous_3)
FN:77,(anonymous_4)
FN:91,(anonymous_5)
FN:113,(anonymous_6)
FN:128,(anonymous_7)
FN:130,(anonymous_8)
FN:155,(anonymous_9)
FN:167,(anonymous_10)
FN:180,(anonymous_11)
FN:197,(anonymous_12)
FN:213,(anonymous_13)
FN:232,(anonymous_14)
FN:248,(anonymous_15)
FN:270,(anonymous_16)
FN:277,(anonymous_17)
FN:285,(anonymous_18)
FN:298,(anonymous_19)
FN:312,createNotification
FN:332,(anonymous_21)
FN:348,(anonymous_22)
FN:370,(anonymous_23)
FN:387,(anonymous_24)
FN:430,(anonymous_25)
FN:433,(anonymous_26)
FN:437,(anonymous_27)
FN:453,(anonymous_28)
FN:460,(anonymous_29)
FN:475,(anonymous_30)
FN:493,(anonymous_31)
FN:514,(anonymous_32)
FNF:33
FNH:12
FNDA:0,(anonymous_0)
FNDA:0,(anonymous_1)
FNDA:0,(anonymous_2)
FNDA:2,(anonymous_3)
FNDA:1,(anonymous_4)
FNDA:0,(anonymous_5)
FNDA:0,(anonymous_6)
FNDA:1,(anonymous_7)
FNDA:0,(anonymous_8)
FNDA:1,(anonymous_9)
FNDA:1,(anonymous_10)
FNDA:0,(anonymous_11)
FNDA:1,(anonymous_12)
FNDA:1,(anonymous_13)
FNDA:1,(anonymous_14)
FNDA:2,(anonymous_15)
FNDA:0,(anonymous_16)
FNDA:0,(anonymous_17)
FNDA:1,(anonymous_18)
FNDA:0,(anonymous_19)
FNDA:0,createNotification
FNDA:1,(anonymous_21)
FNDA:0,(anonymous_22)
FNDA:1,(anonymous_23)
FNDA:0,(anonymous_24)
FNDA:0,(anonymous_25)
FNDA:0,(anonymous_26)
FNDA:0,(anonymous_27)
FNDA:0,(anonymous_28)
FNDA:0,(anonymous_29)
FNDA:0,(anonymous_30)
FNDA:0,(anonymous_31)
FNDA:0,(anonymous_32)
DA:1,1
DA:2,1
DA:3,1
DA:4,1
DA:5,1
DA:6,1
DA:7,1
DA:8,1
DA:10,1
DA:11,1
DA:12,1
DA:20,1
DA:23,1
DA:26,1
DA:28,0
DA:31,0
DA:32,0
DA:36,1
DA:40,0
DA:41,0
DA:42,0
DA:43,0
DA:44,0
DA:46,0
DA:50,1
DA:51,1
DA:52,1
DA:56,1
DA:57,2
DA:58,2
DA:59,2
DA:71,2
DA:73,0
DA:77,1
DA:78,1
DA:79,1
DA:80,1
DA:81,1
DA:82,0
DA:84,1
DA:87,0
DA:91,1
DA:92,0
DA:93,0
DA:94,0
DA:95,0
DA:104,0
DA:106,0
DA:107,0
DA:113,1
DA:114,0
DA:115,0
DA:116,0
DA:118,0
DA:119,0
DA:121,0
DA:122,0
DA:128,1
DA:129,1
DA:130,1
DA:131,1
DA:133,1
DA:148,1
DA:150,0
DA:151,0
DA:155,1
DA:156,1
DA:157,1
DA:161,1
DA:163,0
DA:167,1
DA:168,1
DA:169,1
DA:170,1
DA:174,1
DA:176,0
DA:180,1
DA:181,0
DA:182,0
DA:183,0
DA:184,0
DA:191,0
DA:193,0
DA:197,1
DA:198,1
DA:199,1
DA:200,1
DA:201,1
DA:205,1
DA:207,0
DA:213,1
DA:214,1
DA:215,1
DA:216,1
DA:225,1
DA:227,0
DA:228,0
DA:232,1
DA:233,1
DA:234,1
DA:235,1
DA:240,1
DA:242,0
DA:248,1
DA:249,2
DA:250,2
DA:251,2
DA:255,2
DA:256,1
DA:257,1
DA:259,1
DA:262,1
DA:265,0
DA:266,0
DA:270,1
DA:271,0
DA:272,0
DA:273,0
DA:277,0
DA:279,0
DA:285,1
DA:286,1
DA:287,1
DA:288,1
DA:292,1
DA:294,0
DA:298,1
DA:299,0
DA:300,0
DA:301,0
DA:305,0
DA:307,0
DA:313,0
DA:314,0
DA:324,0
DA:326,0
DA:332,1
DA:333,1
DA:334,1
DA:335,1
DA:336,1
DA:342,1
DA:344,0
DA:348,1
DA:349,0
DA:350,0
DA:352,0
DA:359,0
DA:364,0
DA:366,0
DA:370,1
DA:371,1
DA:372,1
DA:373,1
DA:374,1
DA:379,1
DA:383,0
DA:387,1
DA:388,0
DA:389,0
DA:391,0
DA:392,0
DA:394,0
DA:397,0
DA:398,0
DA:399,0
DA:402,0
DA:414,0
DA:419,0
DA:422,0
DA:423,0
DA:430,1
DA:431,0
DA:433,0
DA:434,0
DA:437,0
DA:438,0
DA:439,0
DA:446,0
DA:447,0
DA:449,0
DA:453,0
DA:454,0
DA:460,1
DA:461,0
DA:462,0
DA:463,0
DA:465,0
DA:474,0
DA:475,0
DA:476,0
DA:477,0
DA:478,0
DA:486,0
DA:488,0
DA:489,0
DA:493,1
DA:494,0
DA:495,0
DA:496,0
DA:505,0
DA:507,0
DA:511,1
DA:513,1
DA:514,0
DA:515,0
DA:519,1
LF:207
LH:99
BRDA:20,0,0,1
BRDA:20,0,1,0
BRDA:43,1,0,0
BRDA:43,1,1,0
BRDA:43,2,0,0
BRDA:43,2,1,0
BRDA:64,3,0,2
BRDA:64,3,1,0
BRDA:65,4,0,2
BRDA:65,4,1,2
BRDA:66,5,0,2
BRDA:66,5,1,2
BRDA:67,6,0,0
BRDA:67,6,1,2
BRDA:68,7,0,2
BRDA:68,7,1,2
BRDA:81,8,0,0
BRDA:81,8,1,1
BRDA:81,9,0,1
BRDA:81,9,1,0
BRDA:100,10,0,0
BRDA:100,10,1,0
BRDA:115,11,0,0
BRDA:115,11,1,0
BRDA:130,12,0,1
BRDA:130,12,1,0
BRDA:145,13,0,0
BRDA:145,13,1,1
BRDA:255,14,0,1
BRDA:255,14,1,1
BRDA:394,15,0,0
BRDA:394,15,1,0
BRDA:476,16,0,0
BRDA:476,16,1,0
BRDA:477,17,0,0
BRDA:477,17,1,0
BRDA:511,18,0,1
BRDA:511,18,1,0
BRDA:513,19,0,0
BRDA:513,19,1,1
BRF:40
BRH:17
end_of_record
