SF:lib/shared/models/models.dart
DA:10,3
DA:20,3
DA:21,3
DA:22,3
DA:23,3
DA:24,3
DA:25,3
DA:26,3
DA:27,3
DA:28,6
DA:51,3
DA:70,3
DA:71,3
DA:72,3
DA:73,3
DA:74,3
DA:75,6
DA:76,6
DA:77,6
DA:78,3
DA:79,12
DA:80,6
DA:81,1
DA:82,3
DA:83,3
DA:84,3
DA:85,3
DA:86,7
DA:87,3
DA:88,3
DA:89,3
DA:93,0
DA:94,0
DA:95,0
DA:96,0
DA:97,0
DA:98,0
DA:99,0
DA:100,0
DA:101,0
DA:102,0
DA:103,0
DA:104,0
DA:105,0
DA:106,0
DA:107,0
DA:108,0
DA:121,1
DA:129,1
DA:130,1
DA:131,1
DA:132,1
DA:133,1
DA:134,1
DA:135,1
DA:146,2
DA:153,2
DA:154,2
DA:155,2
DA:156,2
DA:157,2
DA:158,4
DA:170,1
DA:178,1
DA:179,1
DA:180,1
DA:181,1
DA:182,1
DA:183,1
DA:184,2
DA:194,0
DA:200,0
DA:201,0
DA:202,0
DA:203,0
DA:204,0
LF:76
LH:54
end_of_record
SF:lib/shared/services/api_service.dart
DA:12,2
DA:15,2
DA:18,1
DA:19,2
DA:20,1
DA:21,1
DA:22,2
DA:30,2
DA:31,4
DA:32,1
DA:34,1
DA:38,2
DA:39,4
DA:40,2
DA:41,2
DA:42,4
DA:48,4
DA:49,8
DA:50,2
DA:52,0
DA:57,0
DA:58,0
DA:59,0
DA:61,0
DA:62,0
DA:63,0
DA:64,0
DA:65,0
DA:67,0
DA:72,0
DA:73,0
DA:74,0
DA:76,0
DA:77,0
DA:78,0
DA:79,0
DA:80,0
DA:81,0
DA:85,0
DA:89,2
DA:90,6
DA:92,4
DA:93,4
DA:94,8
DA:96,0
DA:100,2
DA:113,4
DA:115,4
DA:116,4
DA:117,6
DA:118,6
DA:119,4
DA:120,6
DA:121,6
DA:122,4
DA:123,6
DA:125,0
DA:128,2
DA:129,0
DA:132,4
DA:134,4
DA:135,4
DA:136,4
DA:138,0
DA:142,0
DA:143,0
DA:144,0
DA:145,0
DA:146,0
DA:151,0
DA:152,0
DA:153,0
DA:155,0
DA:156,0
DA:157,0
DA:158,0
DA:160,0
DA:168,0
DA:169,0
DA:170,0
DA:171,0
DA:172,0
DA:174,0
DA:178,0
DA:179,0
DA:180,0
DA:182,0
DA:183,0
DA:184,0
DA:185,0
DA:189,0
DA:190,0
DA:191,0
DA:193,0
DA:194,0
DA:195,0
DA:196,0
DA:198,0
DA:202,1
DA:203,1
DA:204,0
DA:206,6
DA:207,2
DA:208,2
DA:209,4
DA:211,0
DA:214,0
DA:215,0
DA:218,1
DA:219,2
DA:220,2
DA:221,1
DA:222,2
DA:225,2
DA:226,0
DA:230,1
DA:231,2
DA:232,1
DA:233,1
DA:234,2
DA:240,2
DA:241,2
DA:243,0
DA:248,0
DA:249,0
DA:250,0
DA:251,0
DA:252,0
DA:254,0
DA:258,0
DA:259,0
DA:260,0
DA:261,0
DA:262,0
DA:264,0
LF:135
LH:59
end_of_record
SF:lib/features/auth/providers/auth_provider.dart
DA:10,0
DA:11,0
DA:13,0
DA:14,0
DA:15,0
DA:16,0
DA:17,0
DA:18,0
DA:21,0
DA:27,0
DA:31,0
DA:33,0
DA:36,0
DA:37,0
DA:38,0
DA:39,0
DA:40,0
DA:42,0
DA:48,0
DA:50,0
DA:53,0
DA:54,0
DA:55,0
DA:56,0
DA:57,0
DA:59,0
DA:65,0
DA:66,0
DA:67,0
DA:68,0
DA:69,0
LF:31
LH:0
end_of_record
SF:lib/features/auth/screens/login_screen.dart
DA:6,1
DA:8,1
DA:9,1
DA:17,0
DA:18,0
DA:21,0
DA:22,0
DA:23,0
DA:26,0
DA:27,0
DA:28,0
DA:32,0
DA:36,1
DA:38,1
DA:39,1
DA:40,1
DA:42,1
DA:44,1
DA:50,1
DA:51,1
DA:59,1
DA:60,1
DA:68,1
DA:70,1
DA:71,2
DA:72,1
DA:78,1
DA:79,0
DA:80,0
LF:29
LH:18
end_of_record
SF:lib/shared/services/chat_service.dart
DA:9,1
DA:11,3
DA:13,1
DA:14,1
DA:15,0
DA:19,1
DA:21,1
DA:23,2
DA:24,1
DA:25,1
DA:28,2
DA:30,1
DA:31,2
DA:33,0
DA:38,1
DA:39,3
DA:46,1
DA:47,2
DA:50,1
DA:51,2
DA:52,2
LF:21
LH:19
end_of_record
